#! /usr/bin/vvp
:ivl_version "10.2 (stable)" "(v10_2)";
:ivl_delay_selection "TYPICAL";
:vpi_time_precision + 0;
:vpi_module "system";
:vpi_module "vhdl_sys";
:vpi_module "v2005_math";
:vpi_module "va_math";
S_0x55b56d805110 .scope module, "ram" "ram" 2 1;
 .timescale 0 0;
    .port_info 0 /INPUT 1 "clock"
    .port_info 1 /INPUT 1 "write_enable"
    .port_info 2 /INPUT 16 "address"
    .port_info 3 /INPUT 256 "data_in"
    .port_info 4 /OUTPUT 256 "data_out"
P_0x55b56d802510 .param/l "addr_bits" 0 2 1, +C4<00000000000000000000000000010000>;
P_0x55b56d802550 .param/l "data_bits" 0 2 1, +C4<00000000000000000000000000001000>;
o0x7f7603a7b018 .functor BUFZ 16, C4<zzzzzzzzzzzzzzzz>; HiZ drive
v0x55b56d83de40_0 .net "address", 15 0, o0x7f7603a7b018;  0 drivers
v0x55b56d85de40 .array "bytes", 0 65535, 255 0;
o0x7f7603a7b048 .functor BUFZ 1, C4<z>; HiZ drive
v0x55b56d85df00_0 .net "clock", 0 0, o0x7f7603a7b048;  0 drivers
o0x7f7603a7b078 .functor BUFZ 256, C4<zzzzzzzzzzzzzzzzzzzzzzzzzzzzzzzzzzzzzzzzzzzzzzzzzzzzzzzzzzzzzzzzzzzzzzzzzzzzzzzzzzzzzzzzzzzzzzzzzzzzzzzzzzzzzzzzzzzzzzzzzzzzzzzzzzzzzzzzzzzzzzzzzzzzzzzzzzzzzzzzzzzzzzzzzzzzzzzzzzzzzzzzzzzzzzzzzzzzzzzzzzzzzzzzzzzzzzzzzzzzzzzzzzzzzzzzzzzzzzzzzzzzzzzzzzzzzzzz>; HiZ drive
v0x55b56d85dfd0_0 .net "data_in", 255 0, o0x7f7603a7b078;  0 drivers
v0x55b56d85e0b0_0 .var "data_out", 255 0;
o0x7f7603a7b0d8 .functor BUFZ 1, C4<z>; HiZ drive
v0x55b56d85e1e0_0 .net "write_enable", 0 0, o0x7f7603a7b0d8;  0 drivers
E_0x55b56d83b3a0 .event posedge, v0x55b56d85df00_0;
    .scope S_0x55b56d805110;
T_0 ;
    %wait E_0x55b56d83b3a0;
    %load/vec4 v0x55b56d83de40_0;
    %pad/u 18;
    %ix/vec4 4;
    %load/vec4a v0x55b56d85de40, 4;
    %assign/vec4 v0x55b56d85e0b0_0, 0;
    %load/vec4 v0x55b56d85e1e0_0;
    %flag_set/vec4 8;
    %jmp/0xz  T_0.0, 8;
    %load/vec4 v0x55b56d85dfd0_0;
    %load/vec4 v0x55b56d83de40_0;
    %pad/u 18;
    %ix/vec4 3;
    %ix/load 4, 0, 0; Constant delay
    %assign/vec4/a/d v0x55b56d85de40, 0, 4;
T_0.0 ;
    %jmp T_0;
    .thread T_0;
# The file index is used to find the file name in the following table.
:file_names 3;
    "N/A";
    "<interactive>";
    "../ram.v";
